============================================================
  Generated by:           Genus(TM) Synthesis Solution 18.14-s037_1
  Generated on:           Jun 09 2026  12:04:02 pm
  Module:                 mac_array
  Operating conditions:   typical (balanced_tree)
  Wireload mode:          enclosed
  Area mode:              timing library
============================================================


Path 1: MET (238 ps) Setup Check with Pin ROW[0].COL[2].pe_acc_reg[19]/CK->SI
          Group: clk
     Startpoint: (F) W3[4]
          Clock: (R) clk
       Endpoint: (F) ROW[0].COL[2].pe_acc_reg[19]/SI
          Clock: (R) clk

                     Capture       Launch     
        Clock Edge:+    2000            0     
        Drv Adjust:+       0            0     
       Src Latency:+       0            0     
       Net Latency:+       0 (I)        0 (I) 
           Arrival:=    2000            0     
                                              
             Setup:-      86                  
     Required Time:=    1914                  
      Launch Clock:-       0                  
       Input Delay:-     500                  
         Data Path:-    1176                  
             Slack:=     238                  

Exceptions/Constraints:
  input_delay             500             constraints.sdc_line_8_83_1 

#-----------------------------------------------------------------------------------------------------------------------------------
#                       Timing Point                        Flags    Arc   Edge   Cell     Fanout Load Trans Delay Arrival Instance 
#                                                                                                 (fF)  (ps)  (ps)   (ps)  Location 
#-----------------------------------------------------------------------------------------------------------------------------------
  W3[4]                                                     -       -      F     (arrival)      5 10.8     0     0     500    (-,-) 
  ROW[0].COL[2].pe_csa_tree_add_44_28_groupi_g2613__4296/ZN -       B->ZN  R     XNOR2_X1       9 19.4   101   142     642    (-,-) 
  ROW[0].COL[2].pe_csa_tree_add_44_28_groupi_g2582__3772/ZN -       A1->ZN F     NAND2_X1       7 13.8    44    87     729    (-,-) 
  ROW[0].COL[2].pe_csa_tree_add_44_28_groupi_g2548__1857/ZN -       A1->ZN R     OAI22_X1       1  3.1    37    70     800    (-,-) 
  ROW[0].COL[2].pe_csa_tree_add_44_28_groupi_g2495__6877/S  -       CI->S  F     FA_X1          1  3.0    16   121     920    (-,-) 
  ROW[0].COL[2].pe_csa_tree_add_44_28_groupi_g2472__5953/S  -       CI->S  F     FA_X1          2  3.6    17   112    1032    (-,-) 
  ROW[0].COL[2].pe_csa_tree_add_44_28_groupi_g2467__7675/ZN -       A1->ZN R     NOR2_X1        3  6.0    35    62    1094    (-,-) 
  ROW[0].COL[2].pe_csa_tree_add_44_28_groupi_g2429__2900/ZN -       B2->ZN F     OAI221_X1      1  3.0    20    57    1151    (-,-) 
  ROW[0].COL[2].pe_csa_tree_add_44_28_groupi_g2422__3772/CO -       CI->CO F     FA_X1          1  3.0    15    93    1244    (-,-) 
  ROW[0].COL[2].pe_csa_tree_add_44_28_groupi_g2421__4296/CO -       CI->CO F     FA_X1          4  7.3    21   101    1345    (-,-) 
  ROW[0].COL[2].pe_csa_tree_add_44_28_groupi_g2415__5019/ZN -       C1->ZN R     AOI221_X1      1  2.0    44    68    1414    (-,-) 
  ROW[0].COL[2].pe_csa_tree_add_44_28_groupi_g2413__7344/ZN -       A->ZN  F     OAI21_X1       3  6.2    19    50    1463    (-,-) 
  ROW[0].COL[2].pe_csa_tree_add_44_28_groupi_g2409__2250/ZN -       A1->ZN R     NAND3_X1       1  1.9    12    37    1500    (-,-) 
  ROW[0].COL[2].pe_csa_tree_add_44_28_groupi_g2404__1786/ZN -       A1->ZN F     NAND2_X1       1  3.0    10    28    1528    (-,-) 
  ROW[0].COL[2].pe_csa_tree_add_44_28_groupi_g2396__2683/CO -       CI->CO F     FA_X1          1  2.4    14    87    1615    (-,-) 
  ROW[0].COL[2].pe_csa_tree_add_44_28_groupi_g2395__9682/ZN -       A->ZN  F     XNOR2_X1       1  1.1    11    54    1668    (-,-) 
  ROW[0].COL[2].pe_acc_reg[19]/SI                           <<<     -      F     SDFFR_X1       1    -     -     8    1676    (-,-) 
#-----------------------------------------------------------------------------------------------------------------------------------

